start
  decl
    void_functiondecl
      ident	Resolve
      formals
        variable
          int
          ident	dealer
      stmtblock
        stmt
          ifstmt
            expr
              change_priority_level
                change_priority_level
                  equal_to
                    change_priority_level
                      change_priority_level
                        change_priority_level
                          change_priority_level
                            change_priority_level
                              expr8
                                lvalue
                                  ident	total
                    change_priority_level
                      change_priority_level
                        change_priority_level
                          change_priority_level
                            expr8
                              constant
                                intconstant
                                  integer	21
            stmt
              ifwithelsestmt
                expr
                  change_priority_level
                    change_priority_level
                      change_priority_level
                        change_priority_level
                          change_priority_level
                            change_priority_level
                              change_priority_level
                                expr8
                                  lvalue
                                    ident	heshmant
                stmt
                  assignment
                    lvalue
                      ident	salam
                    expr
                      change_priority_level
                        change_priority_level
                          change_priority_level
                            change_priority_level
                              change_priority_level
                                change_priority_level
                                  change_priority_level
                                    expr8
                                      constant
                                        intconstant
                                          integer	5
                stmt
                  assignment
                    lvalue
                      ident	salam
                    expr
                      change_priority_level
                        change_priority_level
                          change_priority_level
                            change_priority_level
                              change_priority_level
                                change_priority_level
                                  change_priority_level
                                    expr8
                                      constant
                                        intconstant
                                          integer	10
